[debug] [2024-01-11T10:27:24.270Z] ----------------------------------------------------------------------
[debug] [2024-01-11T10:27:24.273Z] Command:       C:\Program Files\nodejs\node.exe C:\Users\U S E R - P C\AppData\Roaming\npm\node_modules\firebase-tools\lib\bin\firebase.js init
[debug] [2024-01-11T10:27:24.273Z] CLI Version:   13.0.3
[debug] [2024-01-11T10:27:24.273Z] Platform:      win32
[debug] [2024-01-11T10:27:24.273Z] Node Version:  v20.10.0
[debug] [2024-01-11T10:27:24.273Z] Time:          Thu Jan 11 2024 18:27:24 GMT+0800 (China Standard Time)
[debug] [2024-01-11T10:27:24.274Z] ----------------------------------------------------------------------
[debug] 
[debug] [2024-01-11T10:27:24.279Z] > command requires scopes: ["email","openid","https://www.googleapis.com/auth/cloudplatformprojects.readonly","https://www.googleapis.com/auth/firebase","https://www.googleapis.com/auth/cloud-platform"]
[debug] [2024-01-11T10:27:24.279Z] > authorizing via signed-in user (migzcerv007@gmail.com)
[info] 
     ######## #### ########  ######## ########     ###     ######  ########
     ##        ##  ##     ## ##       ##     ##  ##   ##  ##       ##
     ######    ##  ########  ######   ########  #########  ######  ######
     ##        ##  ##    ##  ##       ##     ## ##     ##       ## ##
     ##       #### ##     ## ######## ########  ##     ##  ######  ########

You're about to initialize a Firebase project in this directory:

  C:\Users\U S E R - P C\Desktop\react-portfolio

[info] 
=== Project Setup
[info] 
[info] First, let's associate this project directory with a Firebase project.
[info] You can create multiple project aliases by running firebase use --add, 
[info] but for now we'll just set up a default project.
[info] 
[debug] [2024-01-11T10:28:26.395Z] >>> [apiv2][query] GET https://firebase.googleapis.com/v1beta1/projects pageSize=100
[debug] [2024-01-11T10:28:27.320Z] <<< [apiv2][status] GET https://firebase.googleapis.com/v1beta1/projects 200
[debug] [2024-01-11T10:28:27.320Z] <<< [apiv2][body] GET https://firebase.googleapis.com/v1beta1/projects [omitted]
